<?xml version="1.0" encoding="UTF-8" standalone="yes" ?>
<test-results name="D:\Programs\Embarcadero\GitHub\Parser\Win32\Debug\Project1.exe" total="22" errors="0" failures="0" ignored="0" inconclusive="0" not-run="0" skipped="0" invalid="0" date="2023-08-21" time="7.154">
  <culture-info current-culture="en" current-uiculture="en" />
  <test-suite type="Assembly" name="Project1.exe" executed="true" result="Success" success="True" time="7.154" asserts="0">
    <results>
        <test-suite type="Namespace" name="Unit1" executed="true" result="Success" success="True" time="7.153" asserts="0" >
          <results>
              <test-suite type="Fixture" name="TParserTests" executed="True" result="Success" success="True" time="7.153" >
                <results>
                  <test-case name="TestCreateTSVButtonClick" executed="True" result="Success" success="True" time="1.933" asserts="0" />
                  <test-case name="TestWriteDFNButtonClick" executed="True" result="Success" success="True" time="0.087" asserts="0" />
                  <test-case name="TestOpenDFNClick" executed="True" result="Success" success="True" time="0.373" asserts="0" />
                  <test-case name="TestePathDFNKeyPress_FileExists" executed="True" result="Success" success="True" time="0.069" asserts="0" />
                  <test-case name="TestePathDFNKeyPress_FileNotExists" executed="True" result="Success" success="True" time="0.078" asserts="0" />
                  <test-case name="TestOpenTSVClick" executed="True" result="Success" success="True" time="0.375" asserts="0" />
                  <test-case name="TestePathTSVKeyPress_FileExists" executed="True" result="Success" success="True" time="0.082" asserts="0" />
                  <test-case name="TestePathTSVKeyPress_FileNotExists" executed="True" result="Success" success="True" time="0.084" asserts="0" />
                  <test-case name="TestOpenDFN2Click" executed="True" result="Success" success="True" time="0.739" asserts="0" />
                  <test-case name="TestePathDFN2KeyPress_FileExists" executed="True" result="Success" success="True" time="0.064" asserts="0" />
                  <test-case name="TestePathDFN2KeyPress_FileNotExists" executed="True" result="Success" success="True" time="0.789" asserts="0" />
                  <test-case name="TestOpenExcel_NoFileCreated" executed="True" result="Success" success="True" time="0.447" asserts="0" />
                  <test-case name="TestOpenCalc_NoFileCreated" executed="True" result="Success" success="True" time="0.477" asserts="0" />
                  <test-case name="TestFormCreate" executed="True" result="Success" success="True" time="0.000" asserts="0" />
                  <test-case name="TestContainsCyrillicCharacters_True" executed="True" result="Success" success="True" time="0.000" asserts="0" />
                  <test-case name="TestContainsCyrillicCharacters_False" executed="True" result="Success" success="True" time="0.000" asserts="0" />
                  <test-case name="TestIsCharCyrillic_True" executed="True" result="Success" success="True" time="0.000" asserts="0" />
                  <test-case name="TestIsCharCyrillic_False" executed="True" result="Success" success="True" time="0.000" asserts="0" />
                  <test-case name="TestExtractField_FoundWithQuotes" executed="True" result="Success" success="True" time="0.000" asserts="0" />
                  <test-case name="TestExtractField_FoundWithoutQuotes" executed="True" result="Success" success="True" time="0.000" asserts="0" />
                  <test-case name="TestExtractField_NotFound" executed="True" result="Success" success="True" time="0.000" asserts="0" />
                  <test-case name="TestFormDestroy" executed="True" result="Success" success="True" time="0.000" asserts="0" />
                </results>
              </test-suite>
          </results>
        </test-suite>
    </results>
  </test-suite>
</test-results>
