<?xml version="1.0" encoding="UTF-8" standalone="yes" ?>
<test-results name="D:\Programs\Embarcadero\GitHub\Parser\WorkGroup\bin\ModuleTesting.exe" total="7" errors="0" failures="0" ignored="0" inconclusive="0" not-run="0" skipped="0" invalid="0" date="2023-09-08" time="0.064">
  <culture-info current-culture="en" current-uiculture="en" />
  <test-suite type="Assembly" name="ModuleTesting.exe" executed="true" result="Success" success="True" time="0.064" asserts="0">
    <results>
        <test-suite type="Namespace" name="Tests" executed="true" result="Success" success="True" time="0.063" asserts="0" >
          <results>
              <test-suite type="Fixture" name="TParserTests" executed="True" result="Success" success="True" time="0.063" >
                <results>
                  <test-case name="TestContainsCyrillicCharacters_True" executed="True" result="Success" success="True" time="0.000" asserts="0" />
                  <test-case name="TestContainsCyrillicCharacters_False" executed="True" result="Success" success="True" time="0.000" asserts="0" />
                  <test-case name="TestIsCharCyrillic_True" executed="True" result="Success" success="True" time="0.000" asserts="0" />
                  <test-case name="TestIsCharCyrillic_False" executed="True" result="Success" success="True" time="0.000" asserts="0" />
                  <test-case name="TestExtractField_FoundWithQuotes" executed="True" result="Success" success="True" time="0.000" asserts="0" />
                  <test-case name="TestExtractField_FoundWithoutQuotes" executed="True" result="Success" success="True" time="0.000" asserts="0" />
                  <test-case name="TestExtractField_NotFound" executed="True" result="Success" success="True" time="0.000" asserts="0" />
                </results>
              </test-suite>
          </results>
        </test-suite>
    </results>
  </test-suite>
</test-results>
